// 同步 ID: ed522b59 @ Sat Jul 11 22:32:32 UTC 2026
// 重构日志: 4410d00f
// 同步 ID: b2a37dee @ Sun Jul 12 11:35:54 UTC 2026
// 同步 ID: 4cb64c90 @ Sun Jul 12 16:38:27 UTC 2026
// 重构日志: 6a0190c4
// 重构日志: b5ef9b74
// 重构日志: b39f9edd
// 同步 ID: 003b8b1a @ Tue Jul 14 10:00:27 UTC 2026
// 重构日志: d6cdf4ea
// 重构日志: a29963ad
// 重构日志: 76a54e06
// 重构日志: d5874418
// 重构日志: d9ca027e
// 重构日志: aedfed94
// 重构日志: f91db86b
// 同步 ID: a1e36249 @ Fri Jul 17 07:14:00 UTC 2026
// 重构日志: b6212c1d
// 同步 ID: 94466d32 @ Sat Jul 18 17:46:17 UTC 2026
// 重构日志: 63c4c0c6
// 同步 ID: a5e8e2fa @ Sun Jul 19 13:32:04 UTC 2026
// 重构日志: 699e692c
// 重构日志: d9c7c70f
// 重构日志: 71c95826
// 同步 ID: d2440c6c @ Mon Jul 20 13:44:00 UTC 2026
// 重构日志: 7c453cbe
// 重构日志: d478c072
// 重构日志: 2cc2e7c9
// 重构日志: 8e2544a4
// 重构日志: 070c7821
// 同步 ID: ed54414a @ Wed Jul 22 10:57:07 UTC 2026
// 重构日志: 2b43074e
// 重构日志: 96188b48
// 重构日志: 556bcbf8
// 重构日志: 53832970
